<?xml version="1.0" encoding="UTF-8"?>
<testng-results skipped="0" failed="0" total="2" passed="2">
  <reporter-output>
  </reporter-output>
  <suite name="Suite" duration-ms="6412" started-at="2018-09-20T12:46:15Z" finished-at="2018-09-20T12:46:21Z">
    <groups>
    </groups>
    <test name="Test2" duration-ms="6288" started-at="2018-09-20T12:46:15Z" finished-at="2018-09-20T12:46:21Z">
      <class name="test3.test3.ParallelExec">
        <test-method status="PASS" signature="setUp(java.lang.String)[pri:0, instance:test3.test3.ParallelExec@c038203]" name="setUp" is-config="true" duration-ms="5852" started-at="2018-09-20T18:16:15Z" finished-at="2018-09-20T18:16:21Z">
          <params>
            <param index="0">
              <value>
                <![CDATA[http://192.168.8.18:5560/wd/hub]]>
              </value>
            </param>
          </params>
          <reporter-output>
          </reporter-output>
        </test-method> <!-- setUp -->
        <test-method status="PASS" signature="f()[pri:0, instance:test3.test3.ParallelExec@c038203]" name="f" duration-ms="349" started-at="2018-09-20T18:16:21Z" finished-at="2018-09-20T18:16:21Z">
          <reporter-output>
          </reporter-output>
        </test-method> <!-- f -->
        <test-method status="PASS" signature="closeBrowser()[pri:0, instance:test3.test3.ParallelExec@c038203]" name="closeBrowser" is-config="true" duration-ms="63" started-at="2018-09-20T18:16:21Z" finished-at="2018-09-20T18:16:21Z">
          <reporter-output>
          </reporter-output>
        </test-method> <!-- closeBrowser -->
      </class> <!-- test3.test3.ParallelExec -->
    </test> <!-- Test2 -->
    <test name="Test3" duration-ms="6412" started-at="2018-09-20T12:46:15Z" finished-at="2018-09-20T12:46:21Z">
      <class name="test3.test3.ParallelExec">
        <test-method status="PASS" signature="setUp(java.lang.String)[pri:0, instance:test3.test3.ParallelExec@6093dd95]" name="setUp" is-config="true" duration-ms="6179" started-at="2018-09-20T18:16:15Z" finished-at="2018-09-20T18:16:21Z">
          <params>
            <param index="0">
              <value>
                <![CDATA[http://192.168.8.22:55561/wd/hub]]>
              </value>
            </param>
          </params>
          <reporter-output>
          </reporter-output>
        </test-method> <!-- setUp -->
        <test-method status="PASS" signature="f()[pri:0, instance:test3.test3.ParallelExec@6093dd95]" name="f" duration-ms="51" started-at="2018-09-20T18:16:21Z" finished-at="2018-09-20T18:16:21Z">
          <reporter-output>
          </reporter-output>
        </test-method> <!-- f -->
        <test-method status="PASS" signature="closeBrowser()[pri:0, instance:test3.test3.ParallelExec@6093dd95]" name="closeBrowser" is-config="true" duration-ms="173" started-at="2018-09-20T18:16:21Z" finished-at="2018-09-20T18:16:21Z">
          <reporter-output>
          </reporter-output>
        </test-method> <!-- closeBrowser -->
      </class> <!-- test3.test3.ParallelExec -->
    </test> <!-- Test3 -->
  </suite> <!-- Suite -->
</testng-results>
